{"level":"info","message":"Client connected: hgRLInem4TYInovgAAAB","timestamp":"2024-12-07T01:53:56.772Z"}
{"level":"info","message":"WebSocket Load Balancer initialized successfully","timestamp":"2024-12-07T01:53:56.777Z"}
{"level":"info","message":"Client hgRLInem4TYInovgAAAB joined job room: 12345","timestamp":"2024-12-07T01:53:57.095Z"}
{"level":"info","message":"Emitted job update for job: 12345","timestamp":"2024-12-07T01:53:57.197Z"}
{"level":"info","message":"Client hgRLInem4TYInovgAAAB joined task room: 67890","timestamp":"2024-12-07T01:54:02.435Z"}
{"level":"info","message":"Emitted task update for task: 67890","timestamp":"2024-12-07T01:54:02.536Z"}
{"level":"info","message":"Broadcasted system message: System maintenance in 5 minutes","timestamp":"2024-12-07T01:54:07.759Z"}
{"level":"info","message":"Client disconnected: hgRLInem4TYInovgAAAB","timestamp":"2024-12-07T01:54:12.765Z"}
{"level":"info","message":"WebSocket Load Balancer closed successfully","timestamp":"2024-12-07T01:54:12.780Z"}
{"level":"info","message":"WebSocket server closed","timestamp":"2024-12-07T01:54:12.785Z"}
{"level":"info","message":"Client connected: 7VYfERfwsNbe98NpAAAB","timestamp":"2024-12-07T01:56:05.051Z"}
{"level":"info","message":"WebSocket Load Balancer initialized successfully","timestamp":"2024-12-07T01:56:05.057Z"}
{"level":"info","message":"Client 7VYfERfwsNbe98NpAAAB joined job room: 12345","timestamp":"2024-12-07T01:56:05.373Z"}
{"level":"info","message":"Emitted job update for job: 12345","timestamp":"2024-12-07T01:56:06.375Z"}
{"level":"info","message":"Client 7VYfERfwsNbe98NpAAAB joined task room: 67890","timestamp":"2024-12-07T01:56:35.713Z"}
{"level":"info","message":"Emitted task update for task: 67890","timestamp":"2024-12-07T01:56:36.709Z"}
{"level":"info","message":"Broadcasted system message: System maintenance in 5 minutes","timestamp":"2024-12-07T01:57:07.032Z"}
{"level":"info","message":"WebSocket Load Balancer closed successfully","timestamp":"2024-12-07T01:57:36.044Z"}
{"level":"info","message":"Client disconnected: 7VYfERfwsNbe98NpAAAB","timestamp":"2024-12-07T01:57:36.046Z"}
{"level":"info","message":"WebSocket server closed","timestamp":"2024-12-07T01:57:36.051Z"}
